Building DAG of jobs...
Using shell: /bin/bash
Provided cores: 8
Rules claiming more threads will be scaled down.
Job stats:
job                            count    min threads    max threads
---------------------------  -------  -------------  -------------
all                                1              1              1
filter_merge_sequences             1              1              1
get_barcode_sequence_counts        3              1              1
get_oligo_counts                   9              1              1
total                             14              1              1

Select jobs to execute...

[Wed Aug 17 12:07:45 2022]
rule get_barcode_sequence_counts:
    input: data/fastq_files_filtered_merged/OBD123repcapTA_filtered_merged.fastq.gz
    output: data/results/barcode_counts/OBD123repcapTA_BC1_counts.csv, data/results/barcode_counts/OBD123repcapTA_BC2_counts.csv, data/results/barcode_counts/OBD123repcapTA_BC3_counts.csv, data/results/sequence_counts/OBD123repcapTA_mutants.csv
    jobid: 1
    reason: Code has changed since last execution
    wildcards: sample=OBD123repcapTA
    resources: tmpdir=/var/folders/1d/b75wyj2s3m34lw9wpj1rhl_80000gn/T

[Wed Aug 17 12:07:45 2022]
rule get_barcode_sequence_counts:
    input: data/fastq_files_filtered_merged/OBD123repcapLW_filtered_merged.fastq.gz
    output: data/results/barcode_counts/OBD123repcapLW_BC1_counts.csv, data/results/barcode_counts/OBD123repcapLW_BC2_counts.csv, data/results/barcode_counts/OBD123repcapLW_BC3_counts.csv, data/results/sequence_counts/OBD123repcapLW_mutants.csv
    jobid: 3
    reason: Missing output files: data/results/sequence_counts/OBD123repcapLW_mutants.csv, data/results/barcode_counts/OBD123repcapLW_BC3_counts.csv, data/results/barcode_counts/OBD123repcapLW_BC2_counts.csv; Code has changed since last execution
    wildcards: sample=OBD123repcapLW
    resources: tmpdir=/var/folders/1d/b75wyj2s3m34lw9wpj1rhl_80000gn/T

[Wed Aug 17 12:07:45 2022]
rule filter_merge_sequences:
    input: data/raw_fastq_files/OBD123finallibrary_R1.fastq.gz, data/raw_fastq_files/OBD123finallibrary_R2.fastq.gz
    output: data/fastq_files_unpaired/OBD123finallibrary_R1_unpaired.fastq.gz, data/fastq_files_unpaired/OBD123finallibrary_R2_unpaired.fastq.gz, data/fastq_files_filtered_merged/OBD123finallibrary_filtered_merged.fastq.gz
    log: data/logs/OBD123finallibrary.html
    jobid: 6
    reason: Missing output files: data/fastq_files_filtered_merged/OBD123finallibrary_filtered_merged.fastq.gz
    wildcards: sample=OBD123finallibrary
    resources: tmpdir=/var/folders/1d/b75wyj2s3m34lw9wpj1rhl_80000gn/T

[Wed Aug 17 12:08:02 2022]
Finished job 6.
1 of 14 steps (7%) done
Select jobs to execute...

[Wed Aug 17 12:08:02 2022]
rule get_barcode_sequence_counts:
    input: data/fastq_files_filtered_merged/OBD123finallibrary_filtered_merged.fastq.gz
    output: data/results/barcode_counts/OBD123finallibrary_BC1_counts.csv, data/results/barcode_counts/OBD123finallibrary_BC2_counts.csv, data/results/barcode_counts/OBD123finallibrary_BC3_counts.csv, data/results/sequence_counts/OBD123finallibrary_mutants.csv
    jobid: 5
    reason: Missing output files: data/results/barcode_counts/OBD123finallibrary_BC1_counts.csv, data/results/barcode_counts/OBD123finallibrary_BC3_counts.csv, data/results/barcode_counts/OBD123finallibrary_BC2_counts.csv, data/results/sequence_counts/OBD123finallibrary_mutants.csv; Input files updated by another job: data/fastq_files_filtered_merged/OBD123finallibrary_filtered_merged.fastq.gz
    wildcards: sample=OBD123finallibrary
    resources: tmpdir=/var/folders/1d/b75wyj2s3m34lw9wpj1rhl_80000gn/T

[Wed Aug 17 12:13:16 2022]
Finished job 5.
2 of 14 steps (14%) done
Select jobs to execute...

[Wed Aug 17 12:13:16 2022]
rule get_oligo_counts:
    input: data/results/barcode_counts/OBD123finallibrary_BC2_counts.csv
    output: data/results/oligo_counts/OBD123finallibrary_BC2_oligo_counts.csv
    jobid: 12
    reason: Missing output files: data/results/oligo_counts/OBD123finallibrary_BC2_oligo_counts.csv; Input files updated by another job: data/results/barcode_counts/OBD123finallibrary_BC2_counts.csv
    wildcards: sample=OBD123finallibrary_BC2
    resources: tmpdir=/var/folders/1d/b75wyj2s3m34lw9wpj1rhl_80000gn/T

[Wed Aug 17 12:13:16 2022]
rule get_oligo_counts:
    input: data/results/barcode_counts/OBD123finallibrary_BC3_counts.csv
    output: data/results/oligo_counts/OBD123finallibrary_BC3_oligo_counts.csv
    jobid: 15
    reason: Missing output files: data/results/oligo_counts/OBD123finallibrary_BC3_oligo_counts.csv; Input files updated by another job: data/results/barcode_counts/OBD123finallibrary_BC3_counts.csv
    wildcards: sample=OBD123finallibrary_BC3
    resources: tmpdir=/var/folders/1d/b75wyj2s3m34lw9wpj1rhl_80000gn/T

[Wed Aug 17 12:13:16 2022]
rule get_oligo_counts:
    input: data/results/barcode_counts/OBD123finallibrary_BC1_counts.csv
    output: data/results/oligo_counts/OBD123finallibrary_BC1_oligo_counts.csv
    jobid: 9
    reason: Missing output files: data/results/oligo_counts/OBD123finallibrary_BC1_oligo_counts.csv; Input files updated by another job: data/results/barcode_counts/OBD123finallibrary_BC1_counts.csv
    wildcards: sample=OBD123finallibrary_BC1
    resources: tmpdir=/var/folders/1d/b75wyj2s3m34lw9wpj1rhl_80000gn/T

[Wed Aug 17 12:13:17 2022]
Finished job 12.
3 of 14 steps (21%) done
[Wed Aug 17 12:13:17 2022]
Finished job 9.
4 of 14 steps (29%) done
[Wed Aug 17 12:13:17 2022]
Finished job 15.
5 of 14 steps (36%) done
[Wed Aug 17 12:14:32 2022]
Finished job 1.
6 of 14 steps (43%) done
Select jobs to execute...

[Wed Aug 17 12:14:32 2022]
rule get_oligo_counts:
    input: data/results/barcode_counts/OBD123repcapTA_BC2_counts.csv
    output: data/results/oligo_counts/OBD123repcapTA_BC2_oligo_counts.csv
    jobid: 10
    reason: Input files updated by another job: data/results/barcode_counts/OBD123repcapTA_BC2_counts.csv
    wildcards: sample=OBD123repcapTA_BC2
    resources: tmpdir=/var/folders/1d/b75wyj2s3m34lw9wpj1rhl_80000gn/T

[Wed Aug 17 12:14:32 2022]
rule get_oligo_counts:
    input: data/results/barcode_counts/OBD123repcapTA_BC3_counts.csv
    output: data/results/oligo_counts/OBD123repcapTA_BC3_oligo_counts.csv
    jobid: 13
    reason: Input files updated by another job: data/results/barcode_counts/OBD123repcapTA_BC3_counts.csv
    wildcards: sample=OBD123repcapTA_BC3
    resources: tmpdir=/var/folders/1d/b75wyj2s3m34lw9wpj1rhl_80000gn/T


[Wed Aug 17 12:14:32 2022]
rule get_oligo_counts:
    input: data/results/barcode_counts/OBD123repcapTA_BC1_counts.csv
    output: data/results/oligo_counts/OBD123repcapTA_BC1_oligo_counts.csv
    jobid: 7
    reason: Input files updated by another job: data/results/barcode_counts/OBD123repcapTA_BC1_counts.csv
    wildcards: sample=OBD123repcapTA_BC1
    resources: tmpdir=/var/folders/1d/b75wyj2s3m34lw9wpj1rhl_80000gn/T

[Wed Aug 17 12:14:33 2022]
Finished job 10.
7 of 14 steps (50%) done
[Wed Aug 17 12:14:33 2022]
Finished job 13.
8 of 14 steps (57%) done
[Wed Aug 17 12:14:33 2022]
Finished job 7.
9 of 14 steps (64%) done
[Wed Aug 17 12:30:01 2022]
Finished job 3.
10 of 14 steps (71%) done
Select jobs to execute...

[Wed Aug 17 12:30:01 2022]
rule get_oligo_counts:
    input: data/results/barcode_counts/OBD123repcapLW_BC2_counts.csv
    output: data/results/oligo_counts/OBD123repcapLW_BC2_oligo_counts.csv
    jobid: 11
    reason: Missing output files: data/results/oligo_counts/OBD123repcapLW_BC2_oligo_counts.csv; Input files updated by another job: data/results/barcode_counts/OBD123repcapLW_BC2_counts.csv
    wildcards: sample=OBD123repcapLW_BC2
    resources: tmpdir=/var/folders/1d/b75wyj2s3m34lw9wpj1rhl_80000gn/T

[Wed Aug 17 12:30:01 2022]
rule get_oligo_counts:
    input: data/results/barcode_counts/OBD123repcapLW_BC3_counts.csv
    output: data/results/oligo_counts/OBD123repcapLW_BC3_oligo_counts.csv
    jobid: 14
    reason: Missing output files: data/results/oligo_counts/OBD123repcapLW_BC3_oligo_counts.csv; Input files updated by another job: data/results/barcode_counts/OBD123repcapLW_BC3_counts.csv
    wildcards: sample=OBD123repcapLW_BC3
    resources: tmpdir=/var/folders/1d/b75wyj2s3m34lw9wpj1rhl_80000gn/T

[Wed Aug 17 12:30:01 2022]
rule get_oligo_counts:
    input: data/results/barcode_counts/OBD123repcapLW_BC1_counts.csv
    output: data/results/oligo_counts/OBD123repcapLW_BC1_oligo_counts.csv
    jobid: 8
    reason: Missing output files: data/results/oligo_counts/OBD123repcapLW_BC1_oligo_counts.csv; Input files updated by another job: data/results/barcode_counts/OBD123repcapLW_BC1_counts.csv
    wildcards: sample=OBD123repcapLW_BC1
    resources: tmpdir=/var/folders/1d/b75wyj2s3m34lw9wpj1rhl_80000gn/T

[Wed Aug 17 12:30:03 2022]
Finished job 11.
11 of 14 steps (79%) done
[Wed Aug 17 12:30:03 2022]
Finished job 8.
12 of 14 steps (86%) done
[Wed Aug 17 12:30:03 2022]
Finished job 14.
13 of 14 steps (93%) done
Select jobs to execute...

[Wed Aug 17 12:30:03 2022]
localrule all:
    input: data/results/barcode_counts/OBD123repcapTA_BC1_counts.csv, data/results/barcode_counts/OBD123repcapLW_BC1_counts.csv, data/results/barcode_counts/OBD123finallibrary_BC1_counts.csv, data/results/barcode_counts/OBD123repcapTA_BC2_counts.csv, data/results/barcode_counts/OBD123repcapLW_BC2_counts.csv, data/results/barcode_counts/OBD123finallibrary_BC2_counts.csv, data/results/barcode_counts/OBD123repcapTA_BC3_counts.csv, data/results/barcode_counts/OBD123repcapLW_BC3_counts.csv, data/results/barcode_counts/OBD123finallibrary_BC3_counts.csv, data/results/sequence_counts/OBD123repcapTA_mutants.csv, data/results/sequence_counts/OBD123repcapLW_mutants.csv, data/results/sequence_counts/OBD123finallibrary_mutants.csv, data/results/oligo_counts/OBD123repcapTA_BC1_oligo_counts.csv, data/results/oligo_counts/OBD123repcapLW_BC1_oligo_counts.csv, data/results/oligo_counts/OBD123finallibrary_BC1_oligo_counts.csv, data/results/oligo_counts/OBD123repcapTA_BC2_oligo_counts.csv, data/results/oligo_counts/OBD123repcapLW_BC2_oligo_counts.csv, data/results/oligo_counts/OBD123finallibrary_BC2_oligo_counts.csv, data/results/oligo_counts/OBD123repcapTA_BC3_oligo_counts.csv, data/results/oligo_counts/OBD123repcapLW_BC3_oligo_counts.csv, data/results/oligo_counts/OBD123finallibrary_BC3_oligo_counts.csv
    jobid: 0
    reason: Input files updated by another job: data/results/barcode_counts/OBD123repcapLW_BC1_counts.csv, data/results/oligo_counts/OBD123finallibrary_BC2_oligo_counts.csv, data/results/barcode_counts/OBD123repcapLW_BC3_counts.csv, data/results/oligo_counts/OBD123repcapLW_BC1_oligo_counts.csv, data/results/oligo_counts/OBD123repcapTA_BC3_oligo_counts.csv, data/results/sequence_counts/OBD123repcapTA_mutants.csv, data/results/barcode_counts/OBD123repcapTA_BC2_counts.csv, data/results/barcode_counts/OBD123finallibrary_BC1_counts.csv, data/results/sequence_counts/OBD123finallibrary_mutants.csv, data/results/barcode_counts/OBD123repcapLW_BC2_counts.csv, data/results/oligo_counts/OBD123finallibrary_BC3_oligo_counts.csv, data/results/barcode_counts/OBD123repcapTA_BC3_counts.csv, data/results/barcode_counts/OBD123finallibrary_BC3_counts.csv, data/results/oligo_counts/OBD123finallibrary_BC1_oligo_counts.csv, data/results/oligo_counts/OBD123repcapLW_BC3_oligo_counts.csv, data/results/barcode_counts/OBD123repcapTA_BC1_counts.csv, data/results/oligo_counts/OBD123repcapLW_BC2_oligo_counts.csv, data/results/oligo_counts/OBD123repcapTA_BC2_oligo_counts.csv, data/results/sequence_counts/OBD123repcapLW_mutants.csv, data/results/oligo_counts/OBD123repcapTA_BC1_oligo_counts.csv, data/results/barcode_counts/OBD123finallibrary_BC2_counts.csv
    resources: tmpdir=/var/folders/1d/b75wyj2s3m34lw9wpj1rhl_80000gn/T

[Wed Aug 17 12:30:03 2022]
Finished job 0.
14 of 14 steps (100%) done
Complete log: .snakemake/log/2022-08-17T120744.787973.snakemake.log
