Building DAG of jobs...
Using shell: /bin/bash
Provided cores: 8
Rules claiming more threads will be scaled down.
Job stats:
job                  count    min threads    max threads
-----------------  -------  -------------  -------------
all                      1              1              1
get_mutant_counts        7              1              1
total                    8              1              1

Select jobs to execute...

[Wed Aug 17 21:25:24 2022]
rule get_mutant_counts:
    input: data/results/sequence_counts/OBD123B_mutants.csv
    output: data/results/mutant_counts/OBD123B_mutants_oligos.csv
    jobid: 18
    reason: Missing output files: data/results/mutant_counts/OBD123B_mutants_oligos.csv
    wildcards: sample=OBD123B
    resources: tmpdir=/var/folders/1d/b75wyj2s3m34lw9wpj1rhl_80000gn/T

[Wed Aug 17 21:25:24 2022]
rule get_mutant_counts:
    input: data/results/sequence_counts/OBD123repcapLW_mutants.csv
    output: data/results/mutant_counts/OBD123repcapLW_mutants_oligos.csv
    jobid: 20
    reason: Missing output files: data/results/mutant_counts/OBD123repcapLW_mutants_oligos.csv
    wildcards: sample=OBD123repcapLW
    resources: tmpdir=/var/folders/1d/b75wyj2s3m34lw9wpj1rhl_80000gn/T

[Wed Aug 17 21:25:24 2022]
rule get_mutant_counts:
    input: data/results/sequence_counts/OBD1_mutants.csv
    output: data/results/mutant_counts/OBD1_mutants_oligos.csv
    jobid: 15
    reason: Missing output files: data/results/mutant_counts/OBD1_mutants_oligos.csv
    wildcards: sample=OBD1
    resources: tmpdir=/var/folders/1d/b75wyj2s3m34lw9wpj1rhl_80000gn/T

[Wed Aug 17 21:25:24 2022]
rule get_mutant_counts:
    input: data/results/sequence_counts/OBD123A_mutants.csv
    output: data/results/mutant_counts/OBD123A_mutants_oligos.csv
    jobid: 17
    reason: Missing output files: data/results/mutant_counts/OBD123A_mutants_oligos.csv
    wildcards: sample=OBD123A
    resources: tmpdir=/var/folders/1d/b75wyj2s3m34lw9wpj1rhl_80000gn/T

[Wed Aug 17 21:25:24 2022]
rule get_mutant_counts:
    input: data/results/sequence_counts/OBD123repcapTA_mutants.csv
    output: data/results/mutant_counts/OBD123repcapTA_mutants_oligos.csv
    jobid: 19
    reason: Missing output files: data/results/mutant_counts/OBD123repcapTA_mutants_oligos.csv
    wildcards: sample=OBD123repcapTA
    resources: tmpdir=/var/folders/1d/b75wyj2s3m34lw9wpj1rhl_80000gn/T

[Wed Aug 17 21:25:24 2022]
rule get_mutant_counts:
    input: data/results/sequence_counts/OBD123finallibrary_mutants.csv
    output: data/results/mutant_counts/OBD123finallibrary_mutants_oligos.csv
    jobid: 21
    reason: Missing output files: data/results/mutant_counts/OBD123finallibrary_mutants_oligos.csv
    wildcards: sample=OBD123finallibrary
    resources: tmpdir=/var/folders/1d/b75wyj2s3m34lw9wpj1rhl_80000gn/T

[Wed Aug 17 21:25:24 2022]
rule get_mutant_counts:
    input: data/results/sequence_counts/OBD12_mutants.csv
    output: data/results/mutant_counts/OBD12_mutants_oligos.csv
    jobid: 16
    reason: Missing output files: data/results/mutant_counts/OBD12_mutants_oligos.csv
    wildcards: sample=OBD12
    resources: tmpdir=/var/folders/1d/b75wyj2s3m34lw9wpj1rhl_80000gn/T

[Wed Aug 17 21:25:25 2022]
Finished job 15.
1 of 8 steps (12%) done
[Wed Aug 17 21:25:25 2022]
Finished job 21.
2 of 8 steps (25%) done
[Wed Aug 17 21:25:25 2022]
Finished job 19.
3 of 8 steps (38%) done
[Wed Aug 17 21:25:25 2022]
Finished job 16.
4 of 8 steps (50%) done
[Wed Aug 17 21:25:25 2022]
Finished job 18.
5 of 8 steps (62%) done
[Wed Aug 17 21:25:25 2022]
Finished job 17.
6 of 8 steps (75%) done
[Wed Aug 17 21:25:25 2022]
Finished job 20.
7 of 8 steps (88%) done
Select jobs to execute...

[Wed Aug 17 21:25:25 2022]
localrule all:
    input: data/results/barcode_counts/OBD1_BC1_counts.csv, data/results/barcode_counts/OBD12_BC1_counts.csv, data/results/barcode_counts/OBD123A_BC1_counts.csv, data/results/barcode_counts/OBD123B_BC1_counts.csv, data/results/barcode_counts/OBD123repcapTA_BC1_counts.csv, data/results/barcode_counts/OBD123repcapLW_BC1_counts.csv, data/results/barcode_counts/OBD123finallibrary_BC1_counts.csv, data/results/barcode_counts/OBD1_BC2_counts.csv, data/results/barcode_counts/OBD12_BC2_counts.csv, data/results/barcode_counts/OBD123A_BC2_counts.csv, data/results/barcode_counts/OBD123B_BC2_counts.csv, data/results/barcode_counts/OBD123repcapTA_BC2_counts.csv, data/results/barcode_counts/OBD123repcapLW_BC2_counts.csv, data/results/barcode_counts/OBD123finallibrary_BC2_counts.csv, data/results/barcode_counts/OBD1_BC3_counts.csv, data/results/barcode_counts/OBD12_BC3_counts.csv, data/results/barcode_counts/OBD123A_BC3_counts.csv, data/results/barcode_counts/OBD123B_BC3_counts.csv, data/results/barcode_counts/OBD123repcapTA_BC3_counts.csv, data/results/barcode_counts/OBD123repcapLW_BC3_counts.csv, data/results/barcode_counts/OBD123finallibrary_BC3_counts.csv, data/results/mutant_counts/OBD1_mutants_oligos.csv, data/results/mutant_counts/OBD12_mutants_oligos.csv, data/results/mutant_counts/OBD123A_mutants_oligos.csv, data/results/mutant_counts/OBD123B_mutants_oligos.csv, data/results/mutant_counts/OBD123repcapTA_mutants_oligos.csv, data/results/mutant_counts/OBD123repcapLW_mutants_oligos.csv, data/results/mutant_counts/OBD123finallibrary_mutants_oligos.csv, data/results/oligo_counts/OBD1_BC1_oligo_counts.csv, data/results/oligo_counts/OBD12_BC1_oligo_counts.csv, data/results/oligo_counts/OBD123A_BC1_oligo_counts.csv, data/results/oligo_counts/OBD123B_BC1_oligo_counts.csv, data/results/oligo_counts/OBD123repcapTA_BC1_oligo_counts.csv, data/results/oligo_counts/OBD123repcapLW_BC1_oligo_counts.csv, data/results/oligo_counts/OBD123finallibrary_BC1_oligo_counts.csv, data/results/oligo_counts/OBD1_BC2_oligo_counts.csv, data/results/oligo_counts/OBD12_BC2_oligo_counts.csv, data/results/oligo_counts/OBD123A_BC2_oligo_counts.csv, data/results/oligo_counts/OBD123B_BC2_oligo_counts.csv, data/results/oligo_counts/OBD123repcapTA_BC2_oligo_counts.csv, data/results/oligo_counts/OBD123repcapLW_BC2_oligo_counts.csv, data/results/oligo_counts/OBD123finallibrary_BC2_oligo_counts.csv, data/results/oligo_counts/OBD1_BC3_oligo_counts.csv, data/results/oligo_counts/OBD12_BC3_oligo_counts.csv, data/results/oligo_counts/OBD123A_BC3_oligo_counts.csv, data/results/oligo_counts/OBD123B_BC3_oligo_counts.csv, data/results/oligo_counts/OBD123repcapTA_BC3_oligo_counts.csv, data/results/oligo_counts/OBD123repcapLW_BC3_oligo_counts.csv, data/results/oligo_counts/OBD123finallibrary_BC3_oligo_counts.csv
    jobid: 0
    reason: Input files updated by another job: data/results/mutant_counts/OBD123repcapLW_mutants_oligos.csv, data/results/mutant_counts/OBD123finallibrary_mutants_oligos.csv, data/results/mutant_counts/OBD123A_mutants_oligos.csv, data/results/mutant_counts/OBD123repcapTA_mutants_oligos.csv, data/results/mutant_counts/OBD123B_mutants_oligos.csv, data/results/mutant_counts/OBD1_mutants_oligos.csv, data/results/mutant_counts/OBD12_mutants_oligos.csv
    resources: tmpdir=/var/folders/1d/b75wyj2s3m34lw9wpj1rhl_80000gn/T

[Wed Aug 17 21:25:25 2022]
Finished job 0.
8 of 8 steps (100%) done
Complete log: .snakemake/log/2022-08-17T212523.639808.snakemake.log
